\BOOKMARK [0][-]{chapter.1}{\376\377\0001\000\040\000I\000n\000d\000e\000k\000s\000\040\000p\000r\000z\000e\000s\000t\000r\000z\000e\000n\000i\000\040\000n\000a\000z\000w}{}% 1
\BOOKMARK [1][-]{section.1.1}{\376\377\0001\000.\0001\000\040\000P\000a\000k\000i\000e\000t\000y}{chapter.1}% 2
\BOOKMARK [0][-]{chapter.2}{\376\377\0002\000\040\000I\000n\000d\000e\000k\000s\000\040\000k\000l\000a\000s}{}% 3
\BOOKMARK [1][-]{section.2.1}{\376\377\0002\000.\0001\000\040\000L\000i\000s\000t\000a\000\040\000k\000l\000a\000s}{chapter.2}% 4
\BOOKMARK [0][-]{chapter.3}{\376\377\0003\000\040\000I\000n\000d\000e\000k\000s\000\040\000p\000l\000i\000k\000\363\000w}{}% 5
\BOOKMARK [1][-]{section.3.1}{\376\377\0003\000.\0001\000\040\000L\000i\000s\000t\000a\000\040\000p\000l\000i\000k\000\363\000w}{chapter.3}% 6
\BOOKMARK [0][-]{chapter.4}{\376\377\0004\000\040\000D\000o\000k\000u\000m\000e\000n\000t\000a\000c\000j\000a\000\040\000p\000r\000z\000e\000s\000t\000r\000z\000e\000n\000i\000\040\000n\000a\000z\000w}{}% 7
\BOOKMARK [1][-]{section.4.1}{\376\377\0004\000.\0001\000\040\000P\000a\000k\000i\000e\000t\000\040\000c\000o\000m}{chapter.4}% 8
\BOOKMARK [1][-]{section.4.2}{\376\377\0004\000.\0002\000\040\000P\000a\000k\000i\000e\000t\000\040\000c\000o\000m\000.\000c\000i\000n\000e\000m\000a}{chapter.4}% 9
\BOOKMARK [1][-]{section.4.3}{\376\377\0004\000.\0003\000\040\000P\000a\000k\000i\000e\000t\000\040\000c\000o\000m\000.\000c\000i\000n\000e\000m\000a\000.\000c\000o\000n\000t\000r\000o\000l\000e\000r}{chapter.4}% 10
\BOOKMARK [1][-]{section.4.4}{\376\377\0004\000.\0004\000\040\000P\000a\000k\000i\000e\000t\000\040\000c\000o\000m\000.\000c\000i\000n\000e\000m\000a\000.\000d\000o\000m\000a\000i\000n}{chapter.4}% 11
\BOOKMARK [1][-]{section.4.5}{\376\377\0004\000.\0005\000\040\000P\000a\000k\000i\000e\000t\000\040\000c\000o\000m\000.\000c\000i\000n\000e\000m\000a\000.\000d\000o\000m\000a\000i\000n\000.\000d\000t\000o}{chapter.4}% 12
\BOOKMARK [1][-]{section.4.6}{\376\377\0004\000.\0006\000\040\000P\000a\000k\000i\000e\000t\000\040\000c\000o\000m\000.\000c\000i\000n\000e\000m\000a\000.\000r\000e\000s\000t}{chapter.4}% 13
\BOOKMARK [0][-]{chapter.5}{\376\377\0005\000\040\000D\000o\000k\000u\000m\000e\000n\000t\000a\000c\000j\000a\000\040\000k\000l\000a\000s}{}% 14
\BOOKMARK [1][-]{section.5.1}{\376\377\0005\000.\0001\000\040\000D\000o\000k\000u\000m\000e\000n\000t\000a\000c\000j\000a\000\040\000k\000l\000a\000s\000y\000\040\000c\000o\000m\000.\000c\000i\000n\000e\000m\000a\000.\000c\000o\000n\000t\000r\000o\000l\000e\000r\000.\000B\000i\000l\000l\000C\000o\000n\000t\000r\000o\000l\000e\000r}{chapter.5}% 15
\BOOKMARK [2][-]{subsection.5.1.1}{\376\377\0005\000.\0001\000.\0001\000\040\000O\000p\000i\000s\000\040\000s\000z\000c\000z\000e\000g\000\363\001\102\000o\000w\000y}{section.5.1}% 16
\BOOKMARK [1][-]{section.5.2}{\376\377\0005\000.\0002\000\040\000D\000o\000k\000u\000m\000e\000n\000t\000a\000c\000j\000a\000\040\000k\000l\000a\000s\000y\000\040\000c\000o\000m\000.\000c\000i\000n\000e\000m\000a\000.\000r\000e\000s\000t\000.\000C\000i\000n\000e\000m\000a\000A\000P\000I\000C\000o\000n\000t\000r\000o\000l\000e\000r}{chapter.5}% 17
\BOOKMARK [1][-]{section.5.3}{\376\377\0005\000.\0003\000\040\000D\000o\000k\000u\000m\000e\000n\000t\000a\000c\000j\000a\000\040\000k\000l\000a\000s\000y\000\040\000c\000o\000m\000.\000c\000i\000n\000e\000m\000a\000.\000C\000i\000n\000e\000m\000a\000S\000e\000r\000v\000e\000r\000A\000p\000p\000l\000i\000c\000a\000t\000i\000o\000n}{chapter.5}% 18
\BOOKMARK [2][-]{subsection.5.3.1}{\376\377\0005\000.\0003\000.\0001\000\040\000O\000p\000i\000s\000\040\000s\000z\000c\000z\000e\000g\000\363\001\102\000o\000w\000y}{section.5.3}% 19
\BOOKMARK [2][-]{subsection.5.3.2}{\376\377\0005\000.\0003\000.\0002\000\040\000D\000o\000k\000u\000m\000e\000n\000t\000a\000c\000j\000a\000\040\000f\000u\000n\000k\000c\000j\000i\000\040\000s\000k\001\102\000a\000d\000o\000w\000y\000c\000h}{section.5.3}% 20
\BOOKMARK [3][-]{subsubsection.5.3.2.1}{\376\377\0005\000.\0003\000.\0002\000.\0001\000\040\000m\000a\000i\000n\000\050\000\051}{subsection.5.3.2}% 21
\BOOKMARK [1][-]{section.5.4}{\376\377\0005\000.\0004\000\040\000D\000o\000k\000u\000m\000e\000n\000t\000a\000c\000j\000a\000\040\000k\000l\000a\000s\000y\000\040\000c\000o\000m\000.\000c\000i\000n\000e\000m\000a\000.\000c\000o\000n\000t\000r\000o\000l\000e\000r\000.\000C\000o\000n\000f\000i\000g\000C\000o\000n\000t\000r\000o\000l\000e\000r}{chapter.5}% 22
\BOOKMARK [2][-]{subsection.5.4.1}{\376\377\0005\000.\0004\000.\0001\000\040\000O\000p\000i\000s\000\040\000s\000z\000c\000z\000e\000g\000\363\001\102\000o\000w\000y}{section.5.4}% 23
\BOOKMARK [2][-]{subsection.5.4.2}{\376\377\0005\000.\0004\000.\0002\000\040\000D\000o\000k\000u\000m\000e\000n\000t\000a\000c\000j\000a\000\040\000f\000u\000n\000k\000c\000j\000i\000\040\000s\000k\001\102\000a\000d\000o\000w\000y\000c\000h}{section.5.4}% 24
\BOOKMARK [3][-]{subsubsection.5.4.2.1}{\376\377\0005\000.\0004\000.\0002\000.\0001\000\040\000s\000h\000o\000w\000M\000o\000v\000i\000e\000\050\000\051}{subsection.5.4.2}% 25
\BOOKMARK [1][-]{section.5.5}{\376\377\0005\000.\0005\000\040\000D\000o\000k\000u\000m\000e\000n\000t\000a\000c\000j\000a\000\040\000k\000l\000a\000s\000y\000\040\000c\000o\000m\000.\000c\000i\000n\000e\000m\000a\000.\000d\000o\000m\000a\000i\000n\000.\000d\000t\000o\000.\000C\000o\000n\000f\000i\000g\000D\000t\000o}{chapter.5}% 26
\BOOKMARK [2][-]{subsection.5.5.1}{\376\377\0005\000.\0005\000.\0001\000\040\000O\000p\000i\000s\000\040\000s\000z\000c\000z\000e\000g\000\363\001\102\000o\000w\000y}{section.5.5}% 27
\BOOKMARK [2][-]{subsection.5.5.2}{\376\377\0005\000.\0005\000.\0002\000\040\000D\000o\000k\000u\000m\000e\000n\000t\000a\000c\000j\000a\000\040\000k\000o\000n\000s\000t\000r\000u\000k\000t\000o\000r\000a\000\040\000i\000\040\000d\000e\000s\000t\000r\000u\000k\000t\000o\000r\000a}{section.5.5}% 28
\BOOKMARK [3][-]{subsubsection.5.5.2.1}{\376\377\0005\000.\0005\000.\0002\000.\0001\000\040\000C\000o\000n\000f\000i\000g\000D\000t\000o\000\050\000\051}{subsection.5.5.2}% 29
\BOOKMARK [2][-]{subsection.5.5.3}{\376\377\0005\000.\0005\000.\0003\000\040\000D\000o\000k\000u\000m\000e\000n\000t\000a\000c\000j\000a\000\040\000f\000u\000n\000k\000c\000j\000i\000\040\000s\000k\001\102\000a\000d\000o\000w\000y\000c\000h}{section.5.5}% 30
\BOOKMARK [3][-]{subsubsection.5.5.3.1}{\376\377\0005\000.\0005\000.\0003\000.\0001\000\040\000g\000e\000t\000C\000o\000n\000f\000i\000g\000\050\000\051}{subsection.5.5.3}% 31
\BOOKMARK [1][-]{section.5.6}{\376\377\0005\000.\0006\000\040\000D\000o\000k\000u\000m\000e\000n\000t\000a\000c\000j\000a\000\040\000k\000l\000a\000s\000y\000\040\000c\000o\000m\000.\000c\000i\000n\000e\000m\000a\000.\000c\000o\000n\000t\000r\000o\000l\000e\000r\000.\000T\000i\000c\000k\000e\000t\000C\000o\000n\000t\000r\000o\000l\000e\000r\000.\000D\000o\000w\000n\000l\000o\000a\000d\000C\000o\000n\000t\000r\000o\000l\000l\000e\000r}{chapter.5}% 32
\BOOKMARK [2][-]{subsection.5.6.1}{\376\377\0005\000.\0006\000.\0001\000\040\000O\000p\000i\000s\000\040\000s\000z\000c\000z\000e\000g\000\363\001\102\000o\000w\000y}{section.5.6}% 33
\BOOKMARK [2][-]{subsection.5.6.2}{\376\377\0005\000.\0006\000.\0002\000\040\000D\000o\000k\000u\000m\000e\000n\000t\000a\000c\000j\000a\000\040\000f\000u\000n\000k\000c\000j\000i\000\040\000s\000k\001\102\000a\000d\000o\000w\000y\000c\000h}{section.5.6}% 34
\BOOKMARK [3][-]{subsubsection.5.6.2.1}{\376\377\0005\000.\0006\000.\0002\000.\0001\000\040\000d\000o\000w\000n\000l\000o\000a\000d\000e\000r\000\050\000\051}{subsection.5.6.2}% 35
\BOOKMARK [1][-]{section.5.7}{\376\377\0005\000.\0007\000\040\000D\000o\000k\000u\000m\000e\000n\000t\000a\000c\000j\000a\000\040\000k\000l\000a\000s\000y\000\040\000c\000o\000m\000.\000c\000i\000n\000e\000m\000a\000.\000c\000o\000n\000t\000r\000o\000l\000e\000r\000.\000B\000i\000l\000l\000C\000o\000n\000t\000r\000o\000l\000e\000r\000.\000D\000o\000w\000n\000l\000o\000a\000d\000C\000o\000n\000t\000r\000o\000l\000l\000e\000r}{chapter.5}% 36
\BOOKMARK [2][-]{subsection.5.7.1}{\376\377\0005\000.\0007\000.\0001\000\040\000O\000p\000i\000s\000\040\000s\000z\000c\000z\000e\000g\000\363\001\102\000o\000w\000y}{section.5.7}% 37
\BOOKMARK [2][-]{subsection.5.7.2}{\376\377\0005\000.\0007\000.\0002\000\040\000D\000o\000k\000u\000m\000e\000n\000t\000a\000c\000j\000a\000\040\000f\000u\000n\000k\000c\000j\000i\000\040\000s\000k\001\102\000a\000d\000o\000w\000y\000c\000h}{section.5.7}% 38
\BOOKMARK [3][-]{subsubsection.5.7.2.1}{\376\377\0005\000.\0007\000.\0002\000.\0001\000\040\000d\000o\000w\000n\000l\000o\000a\000d\000e\000r\000\050\000\051}{subsection.5.7.2}% 39
\BOOKMARK [1][-]{section.5.8}{\376\377\0005\000.\0008\000\040\000D\000o\000k\000u\000m\000e\000n\000t\000a\000c\000j\000a\000\040\000k\000l\000a\000s\000y\000\040\000c\000o\000m\000.\000c\000i\000n\000e\000m\000a\000.\000c\000o\000n\000t\000r\000o\000l\000e\000r\000.\000M\000o\000v\000i\000e\000C\000o\000n\000t\000r\000o\000l\000e\000r}{chapter.5}% 40
\BOOKMARK [2][-]{subsection.5.8.1}{\376\377\0005\000.\0008\000.\0001\000\040\000O\000p\000i\000s\000\040\000s\000z\000c\000z\000e\000g\000\363\001\102\000o\000w\000y}{section.5.8}% 41
\BOOKMARK [2][-]{subsection.5.8.2}{\376\377\0005\000.\0008\000.\0002\000\040\000D\000o\000k\000u\000m\000e\000n\000t\000a\000c\000j\000a\000\040\000f\000u\000n\000k\000c\000j\000i\000\040\000s\000k\001\102\000a\000d\000o\000w\000y\000c\000h}{section.5.8}% 42
\BOOKMARK [3][-]{subsubsection.5.8.2.1}{\376\377\0005\000.\0008\000.\0002\000.\0001\000\040\000s\000h\000o\000w\000M\000o\000v\000i\000e\000\050\000\051}{subsection.5.8.2}% 43
\BOOKMARK [1][-]{section.5.9}{\376\377\0005\000.\0009\000\040\000D\000o\000k\000u\000m\000e\000n\000t\000a\000c\000j\000a\000\040\000k\000l\000a\000s\000y\000\040\000c\000o\000m\000.\000c\000i\000n\000e\000m\000a\000.\000d\000o\000m\000a\000i\000n\000.\000d\000t\000o\000.\000M\000o\000v\000i\000e\000D\000t\000o}{chapter.5}% 44
\BOOKMARK [2][-]{subsection.5.9.1}{\376\377\0005\000.\0009\000.\0001\000\040\000O\000p\000i\000s\000\040\000s\000z\000c\000z\000e\000g\000\363\001\102\000o\000w\000y}{section.5.9}% 45
\BOOKMARK [2][-]{subsection.5.9.2}{\376\377\0005\000.\0009\000.\0002\000\040\000D\000o\000k\000u\000m\000e\000n\000t\000a\000c\000j\000a\000\040\000k\000o\000n\000s\000t\000r\000u\000k\000t\000o\000r\000a\000\040\000i\000\040\000d\000e\000s\000t\000r\000u\000k\000t\000o\000r\000a}{section.5.9}% 46
\BOOKMARK [3][-]{subsubsection.5.9.2.1}{\376\377\0005\000.\0009\000.\0002\000.\0001\000\040\000M\000o\000v\000i\000e\000D\000t\000o\000\050\000\051}{subsection.5.9.2}% 47
\BOOKMARK [2][-]{subsection.5.9.3}{\376\377\0005\000.\0009\000.\0003\000\040\000D\000o\000k\000u\000m\000e\000n\000t\000a\000c\000j\000a\000\040\000f\000u\000n\000k\000c\000j\000i\000\040\000s\000k\001\102\000a\000d\000o\000w\000y\000c\000h}{section.5.9}% 48
\BOOKMARK [3][-]{subsubsection.5.9.3.1}{\376\377\0005\000.\0009\000.\0003\000.\0001\000\040\000g\000e\000t\000F\000i\000l\000m\000s\000\050\000\051}{subsection.5.9.3}% 49
\BOOKMARK [1][-]{section.5.10}{\376\377\0005\000.\0001\0000\000\040\000D\000o\000k\000u\000m\000e\000n\000t\000a\000c\000j\000a\000\040\000k\000l\000a\000s\000y\000\040\000c\000o\000m\000.\000c\000i\000n\000e\000m\000a\000.\000c\000o\000n\000t\000r\000o\000l\000e\000r\000.\000R\000e\000s\000e\000r\000v\000a\000t\000i\000o\000n\000C\000o\000n\000t\000r\000o\000l\000e\000r}{chapter.5}% 50
\BOOKMARK [2][-]{subsection.5.10.1}{\376\377\0005\000.\0001\0000\000.\0001\000\040\000O\000p\000i\000s\000\040\000s\000z\000c\000z\000e\000g\000\363\001\102\000o\000w\000y}{section.5.10}% 51
\BOOKMARK [2][-]{subsection.5.10.2}{\376\377\0005\000.\0001\0000\000.\0002\000\040\000D\000o\000k\000u\000m\000e\000n\000t\000a\000c\000j\000a\000\040\000f\000u\000n\000k\000c\000j\000i\000\040\000s\000k\001\102\000a\000d\000o\000w\000y\000c\000h}{section.5.10}% 52
\BOOKMARK [3][-]{subsubsection.5.10.2.1}{\376\377\0005\000.\0001\0000\000.\0002\000.\0001\000\040\000a\000d\000d\000R\000e\000s\000e\000r\000v\000a\000t\000i\000o\000n\000\050\000\051}{subsection.5.10.2}% 53
\BOOKMARK [3][-]{subsubsection.5.10.2.2}{\376\377\0005\000.\0001\0000\000.\0002\000.\0002\000\040\000t\000i\000m\000e\000M\000o\000v\000i\000e\000\050\000\051}{subsection.5.10.2}% 54
\BOOKMARK [1][-]{section.5.11}{\376\377\0005\000.\0001\0001\000\040\000D\000o\000k\000u\000m\000e\000n\000t\000a\000c\000j\000a\000\040\000k\000l\000a\000s\000y\000\040\000c\000o\000m\000.\000c\000i\000n\000e\000m\000a\000.\000d\000o\000m\000a\000i\000n\000.\000d\000t\000o\000.\000R\000e\000s\000e\000r\000v\000a\000t\000i\000o\000n\000D\000t\000o}{chapter.5}% 55
\BOOKMARK [2][-]{subsection.5.11.1}{\376\377\0005\000.\0001\0001\000.\0001\000\040\000O\000p\000i\000s\000\040\000s\000z\000c\000z\000e\000g\000\363\001\102\000o\000w\000y}{section.5.11}% 56
\BOOKMARK [2][-]{subsection.5.11.2}{\376\377\0005\000.\0001\0001\000.\0002\000\040\000D\000o\000k\000u\000m\000e\000n\000t\000a\000c\000j\000a\000\040\000k\000o\000n\000s\000t\000r\000u\000k\000t\000o\000r\000a\000\040\000i\000\040\000d\000e\000s\000t\000r\000u\000k\000t\000o\000r\000a}{section.5.11}% 57
\BOOKMARK [3][-]{subsubsection.5.11.2.1}{\376\377\0005\000.\0001\0001\000.\0002\000.\0001\000\040\000R\000e\000s\000e\000r\000v\000a\000t\000i\000o\000n\000D\000t\000o\000\050\000\051\000\040\000[\0001\000/\0002\000]}{subsection.5.11.2}% 58
\BOOKMARK [3][-]{subsubsection.5.11.2.2}{\376\377\0005\000.\0001\0001\000.\0002\000.\0002\000\040\000R\000e\000s\000e\000r\000v\000a\000t\000i\000o\000n\000D\000t\000o\000\050\000\051\000\040\000[\0002\000/\0002\000]}{subsection.5.11.2}% 59
\BOOKMARK [2][-]{subsection.5.11.3}{\376\377\0005\000.\0001\0001\000.\0003\000\040\000D\000o\000k\000u\000m\000e\000n\000t\000a\000c\000j\000a\000\040\000f\000u\000n\000k\000c\000j\000i\000\040\000s\000k\001\102\000a\000d\000o\000w\000y\000c\000h}{section.5.11}% 60
\BOOKMARK [3][-]{subsubsection.5.11.3.1}{\376\377\0005\000.\0001\0001\000.\0003\000.\0001\000\040\000g\000e\000t\000E\000m\000a\000i\000l\000\050\000\051}{subsection.5.11.3}% 61
\BOOKMARK [3][-]{subsubsection.5.11.3.2}{\376\377\0005\000.\0001\0001\000.\0003\000.\0002\000\040\000g\000e\000t\000I\000d\000\050\000\051}{subsection.5.11.3}% 62
\BOOKMARK [3][-]{subsubsection.5.11.3.3}{\376\377\0005\000.\0001\0001\000.\0003\000.\0003\000\040\000g\000e\000t\000N\000a\000m\000e\000\050\000\051}{subsection.5.11.3}% 63
\BOOKMARK [3][-]{subsubsection.5.11.3.4}{\376\377\0005\000.\0001\0001\000.\0003\000.\0004\000\040\000g\000e\000t\000P\000r\000i\000c\000e\000\050\000\051}{subsection.5.11.3}% 64
\BOOKMARK [3][-]{subsubsection.5.11.3.5}{\376\377\0005\000.\0001\0001\000.\0003\000.\0005\000\040\000g\000e\000t\000S\000t\000a\000n\000d\000a\000r\000d\000S\000e\000a\000t\000s\000\050\000\051}{subsection.5.11.3}% 65
\BOOKMARK [3][-]{subsubsection.5.11.3.6}{\376\377\0005\000.\0001\0001\000.\0003\000.\0006\000\040\000g\000e\000t\000S\000u\000r\000n\000a\000m\000e\000\050\000\051}{subsection.5.11.3}% 66
\BOOKMARK [3][-]{subsubsection.5.11.3.7}{\376\377\0005\000.\0001\0001\000.\0003\000.\0007\000\040\000g\000e\000t\000T\000i\000m\000e\000\050\000\051}{subsection.5.11.3}% 67
\BOOKMARK [3][-]{subsubsection.5.11.3.8}{\376\377\0005\000.\0001\0001\000.\0003\000.\0008\000\040\000g\000e\000t\000V\000i\000p\000S\000e\000a\000t\000s\000\050\000\051}{subsection.5.11.3}% 68
\BOOKMARK [3][-]{subsubsection.5.11.3.9}{\376\377\0005\000.\0001\0001\000.\0003\000.\0009\000\040\000s\000e\000t\000E\000m\000a\000i\000l\000\050\000\051}{subsection.5.11.3}% 69
\BOOKMARK [3][-]{subsubsection.5.11.3.10}{\376\377\0005\000.\0001\0001\000.\0003\000.\0001\0000\000\040\000s\000e\000t\000I\000d\000\050\000\051}{subsection.5.11.3}% 70
\BOOKMARK [3][-]{subsubsection.5.11.3.11}{\376\377\0005\000.\0001\0001\000.\0003\000.\0001\0001\000\040\000s\000e\000t\000N\000a\000m\000e\000\050\000\051}{subsection.5.11.3}% 71
\BOOKMARK [3][-]{subsubsection.5.11.3.12}{\376\377\0005\000.\0001\0001\000.\0003\000.\0001\0002\000\040\000s\000e\000t\000P\000r\000i\000c\000e\000\050\000\051}{subsection.5.11.3}% 72
\BOOKMARK [3][-]{subsubsection.5.11.3.13}{\376\377\0005\000.\0001\0001\000.\0003\000.\0001\0003\000\040\000s\000e\000t\000S\000t\000a\000n\000d\000a\000r\000d\000S\000e\000a\000t\000s\000\050\000\051}{subsection.5.11.3}% 73
\BOOKMARK [3][-]{subsubsection.5.11.3.14}{\376\377\0005\000.\0001\0001\000.\0003\000.\0001\0004\000\040\000s\000e\000t\000S\000u\000r\000n\000a\000m\000e\000\050\000\051}{subsection.5.11.3}% 74
\BOOKMARK [3][-]{subsubsection.5.11.3.15}{\376\377\0005\000.\0001\0001\000.\0003\000.\0001\0005\000\040\000s\000e\000t\000T\000i\000m\000e\000\050\000\051}{subsection.5.11.3}% 75
\BOOKMARK [3][-]{subsubsection.5.11.3.16}{\376\377\0005\000.\0001\0001\000.\0003\000.\0001\0006\000\040\000s\000e\000t\000V\000i\000p\000S\000e\000a\000t\000s\000\050\000\051}{subsection.5.11.3}% 76
\BOOKMARK [1][-]{section.5.12}{\376\377\0005\000.\0001\0002\000\040\000D\000o\000k\000u\000m\000e\000n\000t\000a\000c\000j\000a\000\040\000k\000l\000a\000s\000y\000\040\000c\000o\000m\000.\000c\000i\000n\000e\000m\000a\000.\000c\000o\000n\000t\000r\000o\000l\000e\000r\000.\000T\000e\000s\000t\000A\000p\000i\000C\000o\000n\000t\000r\000o\000l\000e\000r}{chapter.5}% 77
\BOOKMARK [2][-]{subsection.5.12.1}{\376\377\0005\000.\0001\0002\000.\0001\000\040\000O\000p\000i\000s\000\040\000s\000z\000c\000z\000e\000g\000\363\001\102\000o\000w\000y}{section.5.12}% 78
\BOOKMARK [2][-]{subsection.5.12.2}{\376\377\0005\000.\0001\0002\000.\0002\000\040\000D\000o\000k\000u\000m\000e\000n\000t\000a\000c\000j\000a\000\040\000f\000u\000n\000k\000c\000j\000i\000\040\000s\000k\001\102\000a\000d\000o\000w\000y\000c\000h}{section.5.12}% 79
\BOOKMARK [3][-]{subsubsection.5.12.2.1}{\376\377\0005\000.\0001\0002\000.\0002\000.\0001\000\040\000s\000e\000r\000v\000e\000r\000T\000e\000s\000t\000\050\000\051}{subsection.5.12.2}% 80
\BOOKMARK [1][-]{section.5.13}{\376\377\0005\000.\0001\0003\000\040\000D\000o\000k\000u\000m\000e\000n\000t\000a\000c\000j\000a\000\040\000k\000l\000a\000s\000y\000\040\000c\000o\000m\000.\000c\000i\000n\000e\000m\000a\000.\000c\000o\000n\000t\000r\000o\000l\000e\000r\000.\000T\000i\000c\000k\000e\000t\000C\000o\000n\000t\000r\000o\000l\000e\000r}{chapter.5}% 81
\BOOKMARK [2][-]{subsection.5.13.1}{\376\377\0005\000.\0001\0003\000.\0001\000\040\000O\000p\000i\000s\000\040\000s\000z\000c\000z\000e\000g\000\363\001\102\000o\000w\000y}{section.5.13}% 82
\BOOKMARK [0][-]{chapter.6}{\376\377\0006\000\040\000D\000o\000k\000u\000m\000e\000n\000t\000a\000c\000j\000a\000\040\000p\000l\000i\000k\000\363\000w}{}% 83
\BOOKMARK [1][-]{section.6.1}{\376\377\0006\000.\0001\000\040\000D\000o\000k\000u\000m\000e\000n\000t\000a\000c\000j\000a\000\040\000p\000l\000i\000k\000u\000\040\000s\000r\000c\000/\000m\000a\000i\000n\000/\000j\000a\000v\000a\000/\000c\000o\000m\000/\000c\000i\000n\000e\000m\000a\000/\000C\000i\000n\000e\000m\000a\000S\000e\000r\000v\000e\000r\000A\000p\000p\000l\000i\000c\000a\000t\000i\000o\000n\000.\000j\000a\000v\000a}{chapter.6}% 84
\BOOKMARK [1][-]{section.6.2}{\376\377\0006\000.\0002\000\040\000D\000o\000k\000u\000m\000e\000n\000t\000a\000c\000j\000a\000\040\000p\000l\000i\000k\000u\000\040\000s\000r\000c\000/\000m\000a\000i\000n\000/\000j\000a\000v\000a\000/\000c\000o\000m\000/\000c\000i\000n\000e\000m\000a\000/\000c\000o\000n\000t\000r\000o\000l\000e\000r\000/\000B\000i\000l\000l\000C\000o\000n\000t\000r\000o\000l\000e\000r\000.\000j\000a\000v\000a}{chapter.6}% 85
\BOOKMARK [1][-]{section.6.3}{\376\377\0006\000.\0003\000\040\000D\000o\000k\000u\000m\000e\000n\000t\000a\000c\000j\000a\000\040\000p\000l\000i\000k\000u\000\040\000s\000r\000c\000/\000m\000a\000i\000n\000/\000j\000a\000v\000a\000/\000c\000o\000m\000/\000c\000i\000n\000e\000m\000a\000/\000c\000o\000n\000t\000r\000o\000l\000e\000r\000/\000C\000o\000n\000f\000i\000g\000C\000o\000n\000t\000r\000o\000l\000e\000r\000.\000j\000a\000v\000a}{chapter.6}% 86
\BOOKMARK [1][-]{section.6.4}{\376\377\0006\000.\0004\000\040\000D\000o\000k\000u\000m\000e\000n\000t\000a\000c\000j\000a\000\040\000p\000l\000i\000k\000u\000\040\000s\000r\000c\000/\000m\000a\000i\000n\000/\000j\000a\000v\000a\000/\000c\000o\000m\000/\000c\000i\000n\000e\000m\000a\000/\000c\000o\000n\000t\000r\000o\000l\000e\000r\000/\000M\000o\000v\000i\000e\000C\000o\000n\000t\000r\000o\000l\000e\000r\000.\000j\000a\000v\000a}{chapter.6}% 87
\BOOKMARK [1][-]{section.6.5}{\376\377\0006\000.\0005\000\040\000D\000o\000k\000u\000m\000e\000n\000t\000a\000c\000j\000a\000\040\000p\000l\000i\000k\000u\000\040\000s\000r\000c\000/\000m\000a\000i\000n\000/\000j\000a\000v\000a\000/\000c\000o\000m\000/\000c\000i\000n\000e\000m\000a\000/\000c\000o\000n\000t\000r\000o\000l\000e\000r\000/\000R\000e\000s\000e\000r\000v\000a\000t\000i\000o\000n\000C\000o\000n\000t\000r\000o\000l\000e\000r\000.\000j\000a\000v\000a}{chapter.6}% 88
\BOOKMARK [1][-]{section.6.6}{\376\377\0006\000.\0006\000\040\000D\000o\000k\000u\000m\000e\000n\000t\000a\000c\000j\000a\000\040\000p\000l\000i\000k\000u\000\040\000s\000r\000c\000/\000m\000a\000i\000n\000/\000j\000a\000v\000a\000/\000c\000o\000m\000/\000c\000i\000n\000e\000m\000a\000/\000c\000o\000n\000t\000r\000o\000l\000e\000r\000/\000T\000e\000s\000t\000A\000p\000i\000C\000o\000n\000t\000r\000o\000l\000e\000r\000.\000j\000a\000v\000a}{chapter.6}% 89
\BOOKMARK [1][-]{section.6.7}{\376\377\0006\000.\0007\000\040\000D\000o\000k\000u\000m\000e\000n\000t\000a\000c\000j\000a\000\040\000p\000l\000i\000k\000u\000\040\000s\000r\000c\000/\000m\000a\000i\000n\000/\000j\000a\000v\000a\000/\000c\000o\000m\000/\000c\000i\000n\000e\000m\000a\000/\000c\000o\000n\000t\000r\000o\000l\000e\000r\000/\000T\000i\000c\000k\000e\000t\000C\000o\000n\000t\000r\000o\000l\000e\000r\000.\000j\000a\000v\000a}{chapter.6}% 90
\BOOKMARK [1][-]{section.6.8}{\376\377\0006\000.\0008\000\040\000D\000o\000k\000u\000m\000e\000n\000t\000a\000c\000j\000a\000\040\000p\000l\000i\000k\000u\000\040\000s\000r\000c\000/\000m\000a\000i\000n\000/\000j\000a\000v\000a\000/\000c\000o\000m\000/\000c\000i\000n\000e\000m\000a\000/\000d\000o\000m\000a\000i\000n\000/\000d\000t\000o\000/\000C\000o\000n\000f\000i\000g\000D\000t\000o\000.\000j\000a\000v\000a}{chapter.6}% 91
\BOOKMARK [1][-]{section.6.9}{\376\377\0006\000.\0009\000\040\000D\000o\000k\000u\000m\000e\000n\000t\000a\000c\000j\000a\000\040\000p\000l\000i\000k\000u\000\040\000s\000r\000c\000/\000m\000a\000i\000n\000/\000j\000a\000v\000a\000/\000c\000o\000m\000/\000c\000i\000n\000e\000m\000a\000/\000d\000o\000m\000a\000i\000n\000/\000d\000t\000o\000/\000M\000o\000v\000i\000e\000D\000t\000o\000.\000j\000a\000v\000a}{chapter.6}% 92
\BOOKMARK [1][-]{section.6.10}{\376\377\0006\000.\0001\0000\000\040\000D\000o\000k\000u\000m\000e\000n\000t\000a\000c\000j\000a\000\040\000p\000l\000i\000k\000u\000\040\000s\000r\000c\000/\000m\000a\000i\000n\000/\000j\000a\000v\000a\000/\000c\000o\000m\000/\000c\000i\000n\000e\000m\000a\000/\000d\000o\000m\000a\000i\000n\000/\000d\000t\000o\000/\000R\000e\000s\000e\000r\000v\000a\000t\000i\000o\000n\000D\000t\000o\000.\000j\000a\000v\000a}{chapter.6}% 93
\BOOKMARK [1][-]{section.6.11}{\376\377\0006\000.\0001\0001\000\040\000D\000o\000k\000u\000m\000e\000n\000t\000a\000c\000j\000a\000\040\000p\000l\000i\000k\000u\000\040\000s\000r\000c\000/\000m\000a\000i\000n\000/\000j\000a\000v\000a\000/\000c\000o\000m\000/\000c\000i\000n\000e\000m\000a\000/\000r\000e\000s\000t\000/\000C\000i\000n\000e\000m\000a\000A\000P\000I\000C\000o\000n\000t\000r\000o\000l\000e\000r\000.\000j\000a\000v\000a}{chapter.6}% 94
\BOOKMARK [1][-]{section.6.12}{\376\377\0006\000.\0001\0002\000\040\000D\000o\000k\000u\000m\000e\000n\000t\000a\000c\000j\000a\000\040\000p\000l\000i\000k\000u\000\040\000s\000r\000c\000/\000t\000e\000s\000t\000/\000j\000a\000v\000a\000/\000c\000o\000m\000/\000c\000i\000n\000e\000m\000a\000/\000C\000i\000n\000e\000m\000a\000S\000e\000r\000v\000e\000r\000A\000p\000p\000l\000i\000c\000a\000t\000i\000o\000n\000T\000e\000s\000t\000s\000.\000j\000a\000v\000a}{chapter.6}% 95
\BOOKMARK [0][-]{section*.44}{\376\377\000I\000n\000d\000e\000k\000s}{}% 96
